<?xml version="1.0" encoding="UTF-8"?>
<!-- Generated by org.testng.reporters.JUnitReportReporter -->
<testsuite hostname="DESKTOP-7I4A3G4" failures="0" tests="1" name="SeleniumTests.Test128" time="30.987" errors="0" timestamp="2023-09-12T12:59:28 CDT" skipped="0">
  <testcase classname="SeleniumTests.Test128" name="settings" time="30.987"/>
</testsuite> <!-- SeleniumTests.Test128 -->
