<?xml version="1.0" encoding="UTF-8"?>
<!-- Generated by org.testng.reporters.JUnitReportReporter -->
<testsuite hostname="DESKTOP-7I4A3G4" failures="0" tests="1" name="SeleniumTests.Test121" time="4.310" errors="0" timestamp="2023-09-11T13:12:48 CDT" skipped="0">
  <testcase classname="SeleniumTests.Test121" name="settings" time="4.310"/>
</testsuite> <!-- SeleniumTests.Test121 -->
