<?xml version="1.0" encoding="UTF-8"?>
<!-- Generated by org.testng.reporters.JUnitReportReporter -->
<testsuite hostname="DESKTOP-7I4A3G4" failures="0" tests="1" name="DailyPractice.Test115" time="40.996" errors="0" timestamp="2023-09-07T14:08:03 CDT" skipped="0">
  <testcase classname="DailyPractice.Test115" name="hidden" time="40.996"/>
</testsuite> <!-- DailyPractice.Test115 -->
