<?xml version="1.0" encoding="UTF-8"?>
<!-- Generated by org.testng.reporters.JUnitReportReporter -->
<testsuite hostname="DESKTOP-7I4A3G4" failures="0" tests="1" name="DailyPractice.Test112" time="11.057" errors="0" timestamp="2023-09-07T12:25:02 CDT" skipped="0">
  <testcase classname="DailyPractice.Test112" name="hidden" time="11.057"/>
</testsuite> <!-- DailyPractice.Test112 -->
