<?xml version="1.0" encoding="UTF-8"?>
<!-- Generated by org.testng.reporters.JUnitReportReporter -->
<testsuite hostname="DESKTOP-7I4A3G4" failures="0" tests="1" name="SeleniumTests.Test126" time="2785.311" errors="0" timestamp="2023-09-12T13:00:31 CDT" skipped="0">
  <testcase classname="SeleniumTests.Test126" name="settings" time="2785.311"/>
</testsuite> <!-- SeleniumTests.Test126 -->
