<?xml version="1.0" encoding="UTF-8"?>
<!-- Generated by org.testng.reporters.JUnitReportReporter -->
<testsuite hostname="DESKTOP-7I4A3G4" failures="0" tests="1" name="DailyPractice.SelectorsHub" time="29.815" errors="0" timestamp="2023-07-22T16:55:47 CDT" skipped="0">
  <testcase classname="DailyPractice.SelectorsHub" name="loginToSelectorsHub" time="29.815"/>
</testsuite> <!-- DailyPractice.SelectorsHub -->
