<?xml version="1.0" encoding="UTF-8"?>
<!-- Generated by org.testng.reporters.JUnitReportReporter -->
<testsuite hostname="DESKTOP-7I4A3G4" failures="0" tests="1" name="DailyPractice.Test118" time="7.956" errors="0" timestamp="2023-09-07T14:47:12 CDT" skipped="0">
  <testcase classname="DailyPractice.Test118" name="coveredEle" time="7.956"/>
</testsuite> <!-- DailyPractice.Test118 -->
