<?xml version="1.0" encoding="UTF-8"?>
<!-- Generated by org.testng.reporters.JUnitReportReporter -->
<testsuite hostname="DESKTOP-7I4A3G4" failures="0" tests="2" name="DailyPractice.Test113" time="9.491" errors="0" timestamp="2023-09-07T13:57:10 CDT" skipped="0">
  <testcase classname="DailyPractice.Test113" name="hidden" time="4.784"/>
  <testcase classname="DailyPractice.Test113" name="faceb" time="4.707"/>
</testsuite> <!-- DailyPractice.Test113 -->
