<?xml version="1.0" encoding="UTF-8"?>
<!-- Generated by org.testng.reporters.JUnitReportReporter -->
<testsuite hostname="DESKTOP-7I4A3G4" failures="0" tests="1" name="DailyPractice.Test107" time="5.623" errors="0" timestamp="2023-09-05T14:45:54 CDT" skipped="0">
  <testcase classname="DailyPractice.Test107" name="textBoxDisplayMeth" time="5.623"/>
</testsuite> <!-- DailyPractice.Test107 -->
