<?xml version="1.0" encoding="UTF-8"?>
<!-- Generated by org.testng.reporters.JUnitReportReporter -->
<testsuite hostname="DESKTOP-7I4A3G4" failures="0" tests="1" name="SeleniumTests.Test127" time="41.945" errors="0" timestamp="2023-09-12T12:28:49 CDT" skipped="0">
  <testcase classname="SeleniumTests.Test127" name="settings" time="41.945"/>
</testsuite> <!-- SeleniumTests.Test127 -->
