<?xml version="1.0" encoding="UTF-8"?>
<!-- Generated by org.testng.reporters.JUnitReportReporter -->
<testsuite hostname="DESKTOP-7I4A3G4" failures="0" tests="1" name="FastMailPack.FasttMail" time="4.102" errors="0" timestamp="2023-08-07T17:37:39 CDT" skipped="0">
  <testcase classname="FastMailPack.FasttMail" name="method1" time="4.102"/>
</testsuite> <!-- FastMailPack.FasttMail -->
