<?xml version="1.0" encoding="UTF-8"?>
<!-- Generated by org.testng.reporters.JUnitReportReporter -->
<testsuite hostname="DESKTOP-7I4A3G4" failures="0" tests="1" name="FastMailPack.FasttMail" time="5.258" errors="0" timestamp="2023-07-22T16:33:42 CDT" skipped="0">
  <testcase classname="FastMailPack.FasttMail" name="method1" time="5.258"/>
</testsuite> <!-- FastMailPack.FasttMail -->
