<?xml version="1.0" encoding="UTF-8"?>
<!-- Generated by org.testng.reporters.JUnitReportReporter -->
<testsuite hostname="DESKTOP-7I4A3G4" failures="0" tests="2" name="practice.AmazonTest" time="0.027" errors="0" timestamp="2023-06-09T16:34:32 CDT" skipped="0">
  <testcase classname="practice.AmazonTest" name="f" time="0.013"/>
  <system-out/>
  <testcase classname="practice.AmazonTest" name="f" time="0.014"/>
  <system-out/>
</testsuite> <!-- practice.AmazonTest -->
