<?xml version="1.0" encoding="UTF-8"?>
<!-- Generated by org.testng.reporters.JUnitReportReporter -->
<testsuite hostname="DESKTOP-7I4A3G4" failures="0" tests="1" name="DailyPractice.FastMailTest" time="5.508" errors="0" timestamp="2023-08-03T16:32:23 CDT" skipped="0">
  <testcase classname="DailyPractice.FastMailTest" name="login" time="5.508"/>
</testsuite> <!-- DailyPractice.FastMailTest -->
