<?xml version="1.0" encoding="UTF-8"?>
<!-- Generated by org.testng.reporters.JUnitReportReporter -->
<testsuite hostname="DESKTOP-7I4A3G4" failures="0" tests="1" name="Tests.FastTestClass" time="9.375" errors="0" timestamp="2023-08-31T16:02:03 CDT" skipped="0">
  <testcase classname="Tests.FastTestClass" name="TestCls" time="9.375"/>
</testsuite> <!-- Tests.FastTestClass -->
