<?xml version="1.0" encoding="UTF-8"?>
<!-- Generated by org.testng.reporters.JUnitReportReporter -->
<testsuite hostname="DESKTOP-7I4A3G4" failures="0" tests="1" name="DailyPractice.Test117" time="12.970" errors="0" timestamp="2023-09-07T14:37:22 CDT" skipped="0">
  <testcase classname="DailyPractice.Test117" name="coveredEle" time="12.970"/>
</testsuite> <!-- DailyPractice.Test117 -->
