<?xml version="1.0" encoding="UTF-8"?>
<!-- Generated by org.testng.reporters.JUnitReportReporter -->
<testsuite hostname="DESKTOP-7I4A3G4" failures="0" tests="1" name="SeleniumTests.Test125" time="61.609" errors="0" timestamp="2023-09-12T12:01:18 CDT" skipped="0">
  <testcase classname="SeleniumTests.Test125" name="settings" time="61.609"/>
</testsuite> <!-- SeleniumTests.Test125 -->
