<?xml version="1.0" encoding="UTF-8"?>
<!-- Generated by org.testng.reporters.JUnitReportReporter -->
<testsuite hostname="DESKTOP-7I4A3G4" failures="0" tests="1" name="Sessions.Xpaths" time="5.294" errors="0" timestamp="2023-07-24T11:24:01 CDT" skipped="0">
  <testcase classname="Sessions.Xpaths" name="ScreenCaptureTest" time="5.294"/>
</testsuite> <!-- Sessions.Xpaths -->
