<?xml version="1.0" encoding="UTF-8"?>
<!-- Generated by org.testng.reporters.JUnitReportReporter -->
<testsuite hostname="DESKTOP-7I4A3G4" failures="0" tests="1" name="DailyPractice.Test116" time="16.923" errors="0" timestamp="2023-09-07T14:13:11 CDT" skipped="0">
  <testcase classname="DailyPractice.Test116" name="coveredEle" time="16.923"/>
</testsuite> <!-- DailyPractice.Test116 -->
