<?xml version="1.0" encoding="UTF-8"?>
<!-- Generated by org.testng.reporters.JUnitReportReporter -->
<testsuite hostname="DESKTOP-7I4A3G4" failures="0" tests="1" name="SeleniumTests.Test124" time="38.259" errors="0" timestamp="2023-09-12T09:23:51 CDT" skipped="0">
  <testcase classname="SeleniumTests.Test124" name="settings" time="38.259"/>
</testsuite> <!-- SeleniumTests.Test124 -->
