<?xml version="1.0" encoding="UTF-8"?>
<!-- Generated by org.testng.reporters.JUnitReportReporter -->
<testsuite hostname="DESKTOP-7I4A3G4" failures="0" tests="1" name="Sessions.TestAsertClass" time="9.574" errors="0" timestamp="2023-05-05T14:14:31 CDT" skipped="0">
  <testcase classname="Sessions.TestAsertClass" name="myMeth" time="9.574"/>
  <system-out/>
</testsuite> <!-- Sessions.TestAsertClass -->
