<?xml version="1.0" encoding="UTF-8"?>
<!-- Generated by org.testng.reporters.JUnitReportReporter -->
<testsuite hostname="DESKTOP-7I4A3G4" failures="0" tests="1" name="practice.FastMailTest2" time="21.549" errors="0" timestamp="2023-08-09T17:27:39 CDT" skipped="0">
  <testcase classname="practice.FastMailTest2" name="method" time="21.549"/>
</testsuite> <!-- practice.FastMailTest2 -->
