<?xml version="1.0" encoding="UTF-8"?>
<!-- Generated by org.testng.reporters.JUnitReportReporter -->
<testsuite hostname="DESKTOP-7I4A3G4" failures="0" tests="1" name="SeleniumTests.AppSpot" time="5.068" errors="0" timestamp="2023-09-11T13:01:38 CDT" skipped="0">
  <testcase classname="SeleniumTests.AppSpot" name="app" time="5.068"/>
</testsuite> <!-- SeleniumTests.AppSpot -->
